Build started 2015-02-01 12:10:21 PM.
     1>Project "C:\Users\Brent\nym-in\Nym-In_Client_Side\Msvc2012Win\HelloNymi.vcxproj" on node 2 (Build target(s)).
     1>PreBuildEvent:
         copy C:\Users\Brent\nym-in\Nym-In_Client_Side\Msvc2012Win\..\nclWin\Release\Win32\*.dll C:\Users\Brent\nym-in\Nym-In_Client_Side\Msvc2012Win\Release\
         :VCEnd
         C:\Users\Brent\nym-in\Nym-In_Client_Side\Msvc2012Win\..\nclWin\Release\Win32\NCL.dll
                 1 file(s) copied.
       ClCompile:
         C:\Program Files (x86)\Microsoft Visual Studio 12.0\VC\bin\CL.exe /c /Zi /nologo /W3 /WX- /O2 /Oi /Oy- /GL /D WIN32 /D NDEBUG /D _CONSOLE /D _UNICODE /D UNICODE /Gm- /EHsc /MD /GS /Gy /fp:precise /Zc:wchar_t /Zc:forScope /Fo"Release\\" /Fd"Release\vc120.pdb" /Gd /TP /analyze- /errorReport:prompt ..\main.cpp
         main.cpp
     1>..\main.cpp(106): warning C4244: 'initializing' : conversion from 'time_t' to 'int', possible loss of data
       Link:
         C:\Program Files (x86)\Microsoft Visual Studio 12.0\VC\bin\link.exe /ERRORREPORT:PROMPT /OUT:"C:\Users\Brent\nym-in\Nym-In_Client_Side\Msvc2012Win\Release\HelloNymi.exe" /INCREMENTAL:NO /NOLOGO /LIBPATH:.. kernel32.lib user32.lib gdi32.lib winspool.lib comdlg32.lib advapi32.lib shell32.lib ole32.lib oleaut32.lib uuid.lib odbc32.lib odbccp32.lib /MANIFEST /MANIFESTUAC:"level='asInvoker' uiAccess='false'" /manifest:embed /DEBUG /PDB:"C:\Users\Brent\nym-in\Nym-In_Client_Side\Msvc2012Win\Release\HelloNymi.pdb" /SUBSYSTEM:CONSOLE /OPT:REF /OPT:ICF /LTCG /TLBID:1 /DYNAMICBASE /NXCOMPAT /IMPLIB:"C:\Users\Brent\nym-in\Nym-In_Client_Side\Msvc2012Win\Release\HelloNymi.lib" /MACHINE:X86 /SAFESEH Release\main.obj
         ..\nclWin\Release\Win32\NCL.lib
         Generating code
     1>c:\users\brent\nym-in\nym-in_client_side\main.cpp(61): warning C4700: uninitialized local variable 'res' used
         Finished generating code
         HelloNymi.vcxproj -> C:\Users\Brent\nym-in\Nym-In_Client_Side\Msvc2012Win\Release\HelloNymi.exe
     1>Done Building Project "C:\Users\Brent\nym-in\Nym-In_Client_Side\Msvc2012Win\HelloNymi.vcxproj" (Build target(s)).

Build succeeded.

Time Elapsed 00:00:01.74
